<?xml version="1.0" encoding="UTF-8"?>
<!-- Generated by org.testng.reporters.JUnitXMLReporter -->
<testsuite hostname="THORPC" name="Default test" tests="4" failures="0" timestamp="21 Dec 2013 03:15:36 GMT" time="0.142" errors="0">
  <testcase name="printHorizontal" time="0.007" classname="qa.dataprovider.ParametersTest"/>
  <testcase name="printHorizontal" time="0.001" classname="qa.dataprovider.ParametersTest"/>
  <testcase name="printVertical" time="0.001" classname="qa.dataprovider.ParametersTest"/>
  <testcase name="printVertical" time="0.001" classname="qa.dataprovider.ParametersTest"/>
</testsuite> <!-- Default test -->
