<?xml version="1.0" encoding="UTF-8"?>
<!-- Generated by org.testng.reporters.JUnitXMLReporter -->
<testsuite hostname="THORPC" name="Default test" tests="4" failures="0" timestamp="21 Dec 2013 04:06:46 GMT" time="0.137" errors="0">
  <testcase name="printHorizontal" time="0.01" classname="qa.dataprovider.ParametersTest"/>
  <testcase name="printHorizontal" time="0.0" classname="qa.dataprovider.ParametersTest"/>
  <testcase name="printVertical" time="0.0" classname="qa.dataprovider.ParametersTest"/>
  <testcase name="printVertical" time="0.001" classname="qa.dataprovider.ParametersTest"/>
</testsuite> <!-- Default test -->
