<?xml version="1.0" encoding="UTF-8"?>
<testng-results skipped="0" failed="0" total="4" passed="4">
  <reporter-output>
  </reporter-output>
  <suite name="Suite" duration-ms="142" started-at="2013-12-21T03:15:36Z" finished-at="2013-12-21T03:15:36Z">
    <groups>
    </groups>
    <test name="Default test" duration-ms="142" started-at="2013-12-21T03:15:36Z" finished-at="2013-12-21T03:15:36Z">
      <class name="qa.dataprovider.ParametersTest">
        <test-method status="PASS" signature="printHorizontal(qa.dataprovider.def.TestArguments)[pri:0, instance:qa.dataprovider.ParametersTest@2d0a238e]" name="printHorizontal" duration-ms="7" started-at="2013-12-20T19:15:36Z" data-provider="testdata" finished-at="2013-12-20T19:15:36Z">
          <params>
            <param index="0">
              <value>
                <![CDATA[[{enabled, java.lang.Boolean, true}, {testname, java.lang.String, Test 1}, {environment, java.lang.String, portal1}, {testlocale, java.lang.String, Grid}, {browser, java.lang.String, Firefox}, {url, java.lang.String, http://google.com}]]]>
              </value>
            </param>
          </params>
          <reporter-output>
          </reporter-output>
        </test-method> <!-- printHorizontal -->
        <test-method status="PASS" signature="printHorizontal(qa.dataprovider.def.TestArguments)[pri:0, instance:qa.dataprovider.ParametersTest@2d0a238e]" name="printHorizontal" duration-ms="1" started-at="2013-12-20T19:15:36Z" data-provider="testdata" finished-at="2013-12-20T19:15:36Z">
          <params>
            <param index="0">
              <value>
                <![CDATA[[{enabled, java.lang.Boolean, true}, {testname, java.lang.String, Test 2}, {environment, java.lang.String, portal2}, {testlocale, java.lang.String, Local}, {browser, java.lang.String, Chrome}, {url, java.lang.String, http://yelp.com}]]]>
              </value>
            </param>
          </params>
          <reporter-output>
          </reporter-output>
        </test-method> <!-- printHorizontal -->
        <test-method status="PASS" signature="printVertical(qa.dataprovider.def.TestArguments)[pri:0, instance:qa.dataprovider.ParametersTest@2d0a238e]" name="printVertical" duration-ms="1" started-at="2013-12-20T19:15:36Z" data-provider="testdata" finished-at="2013-12-20T19:15:36Z">
          <params>
            <param index="0">
              <value>
                <![CDATA[[{enabled, java.lang.Boolean, false}, {testname, java.lang.String, default}, {environment, java.lang.String, development}, {testlocale, java.lang.String, Grid}, {browser, java.lang.String, Firefox}, {enabled, java.lang.Boolean, true}, {testname, java.lang.String, Test 1}, {environment, java.lang.String, portal1}, {testlocale, java.lang.String, Grid}, {browser, java.lang.String, Firefox}, {url, java.lang.String, http://google.com}]]]>
              </value>
            </param>
          </params>
          <reporter-output>
          </reporter-output>
        </test-method> <!-- printVertical -->
        <test-method status="PASS" signature="printVertical(qa.dataprovider.def.TestArguments)[pri:0, instance:qa.dataprovider.ParametersTest@2d0a238e]" name="printVertical" duration-ms="1" started-at="2013-12-20T19:15:36Z" data-provider="testdata" finished-at="2013-12-20T19:15:36Z">
          <params>
            <param index="0">
              <value>
                <![CDATA[[{enabled, java.lang.Boolean, false}, {testname, java.lang.String, default}, {environment, java.lang.String, development}, {testlocale, java.lang.String, Grid}, {browser, java.lang.String, Firefox}, {enabled, java.lang.Boolean, true}, {testname, java.lang.String, Test 2}, {environment, java.lang.String, portal2}, {testlocale, java.lang.String, Local}, {browser, java.lang.String, Chrome}, {url, java.lang.String, http://yelp.com}]]]>
              </value>
            </param>
          </params>
          <reporter-output>
          </reporter-output>
        </test-method> <!-- printVertical -->
      </class> <!-- qa.dataprovider.ParametersTest -->
    </test> <!-- Default test -->
  </suite> <!-- Suite -->
</testng-results>
